9.2720 	EXP 	Created window1 = Window(allowGUI=True, allowStencil=False, autoLog=True, backendConf=UNKNOWN, backgroundFit=<method-wrapper '__getattribute__' of attributeSetter object at 0x000001A549E28E50>, backgroundImage=<method-wrapper '__getattribute__' of attributeSetter object at 0x000001A549E28DF0>, bitsMode=UNKNOWN, blendMode='avg', bpc=(8, 8, 8), color=array([0, 0, 0]), colorSpace='rgb', depthBits=8, fullscr=<method-wrapper '__getattribute__' of attributeSetter object at 0x000001A549E28C10>, gamma=None, gammaErrorPolicy='raise', lms=UNKNOWN, monitor=<psychopy.monitors.calibTools.Monitor object at 0x000001A54A065D90>, multiSample=False, name='window1', numSamples=2, pos=(0, 0), screen=0, size=array([1920, 1080]), stencilBits=0, stereo=False, title='PsychoPy', units='height', useFBO=True, useRetina=False, viewOri=0.0, viewPos=None, viewScale=None, waitBlanking=True, winType='pyglet')
9.2722 	EXP 	window1: mouseVisible = True
9.2722 	EXP 	window1: backgroundImage = ''
9.2722 	EXP 	window1: backgroundFit = 'none'
9.2731 	EXP 	window1: Attempting to measure frame rate of screen (0) ...
9.2731 	EXP 	window1: recordFrameIntervals = False
9.4384 	EXP 	window1: recordFrameIntervals = True
9.6220 	EXP 	Screen (0) actual frame rate measured at 59.94Hz
9.6220 	EXP 	window1: recordFrameIntervals = False
9.6221 	EXP 	window1: mouseVisible = False
11.7952 	EXP 	PFE: status = STARTED
11.7974 	EXP 	window1: mouseVisible = True
11.9920 	EXP 	window1: mouseVisible = True
0.0541 	EXP 	movie: autoLog = True
0.0560 	EXP 	Imported data.csv as conditions, 8 conditions, 1 params
0.0563 	EXP 	Created sequence: random, trialTypes=8, nReps=2, seed=None
0.0564 	EXP 	New trial (rep=0, index=0): OrderedDict([('videos', 'Video/ball-original.avi')])
0.1379 	EXP 	eyetracker.clearEvents()
0.1381 	EXP 	eyetracker.setRecordingState(True)
0.1386 	EXP 	PFE: status = STOPPED
0.1606 	EXP 	movie: autoDraw = True
0.1606 	EXP 	movie: autoDraw = False
0.1606 	EXP 	PFE: status = STOPPED
0.1708 	EXP 	window1: mouseVisible = True
