3.0426 	WARNING 	User requested fullscreen with size [1024  768], but screen is actually [1920, 1080]. Using actual size
3.5610 	EXP 	Created window1 = Window(allowGUI=True, allowStencil=False, autoLog=True, backendConf=UNKNOWN, backgroundFit=<method-wrapper '__getattribute__' of attributeSetter object at 0x0000020D46EB50D0>, backgroundImage=<method-wrapper '__getattribute__' of attributeSetter object at 0x0000020D46EB5070>, bitsMode=UNKNOWN, blendMode='avg', bpc=(8, 8, 8), color=array([0, 0, 0]), colorSpace='rgb', depthBits=8, fullscr=<method-wrapper '__getattribute__' of attributeSetter object at 0x0000020D46EA1F40>, gamma=None, gammaErrorPolicy='raise', lms=UNKNOWN, monitor=<psychopy.monitors.calibTools.Monitor object at 0x0000020D516C2070>, multiSample=False, name='window1', numSamples=2, pos=(0, 0), screen=0, size=array([1920, 1080]), stencilBits=0, stereo=False, title='PsychoPy', units='height', useFBO=True, useRetina=False, viewOri=0.0, viewPos=None, viewScale=None, waitBlanking=True, winType='pyglet')
3.5611 	EXP 	window1: mouseVisible = True
3.5611 	EXP 	window1: backgroundImage = ''
3.5611 	EXP 	window1: backgroundFit = 'none'
3.5618 	EXP 	window1: Attempting to measure frame rate of screen (0) ...
3.5618 	EXP 	window1: recordFrameIntervals = False
3.7274 	EXP 	window1: recordFrameIntervals = True
3.9108 	EXP 	Screen (0) actual frame rate measured at 60.04Hz
3.9108 	EXP 	window1: recordFrameIntervals = False
3.9108 	EXP 	window1: mouseVisible = False
5.1125 	EXP 	PFE: status = STARTED
5.1141 	EXP 	window1: mouseVisible = True
0.0782 	EXP 	movie: autoLog = True
0.0786 	EXP 	Created sequence: random, trialTypes=1, nReps=5, seed=None
0.0787 	EXP 	New trial (rep=0, index=0): None
0.1028 	EXP 	movie: autoDraw = True
1.1446 	EXP 	New trial (rep=1, index=0): None
1.1958 	EXP 	movie: autoDraw = False
1.1958 	EXP 	movie: autoDraw = True
2.1227 	EXP 	New trial (rep=2, index=0): None
2.1751 	EXP 	movie: autoDraw = False
2.1751 	EXP 	movie: autoDraw = True
3.1426 	EXP 	New trial (rep=3, index=0): None
3.1937 	EXP 	movie: autoDraw = False
3.1937 	EXP 	movie: autoDraw = True
4.1199 	EXP 	New trial (rep=4, index=0): None
4.1744 	EXP 	movie: autoDraw = False
4.1744 	EXP 	movie: autoDraw = True
5.1443 	EXP 	movie: autoDraw = False
5.1444 	EXP 	PFE: status = STOPPED
5.1691 	EXP 	window1: mouseVisible = True
