3.7487 	EXP 	Created window1 = Window(allowGUI=True, allowStencil=False, autoLog=True, backendConf=UNKNOWN, backgroundFit=<method-wrapper '__getattribute__' of attributeSetter object at 0x00000276B8EB9EB0>, backgroundImage=<method-wrapper '__getattribute__' of attributeSetter object at 0x00000276B8EB9E50>, bitsMode=UNKNOWN, blendMode='avg', bpc=(8, 8, 8), color=array([0, 0, 0]), colorSpace='rgb', depthBits=8, fullscr=<method-wrapper '__getattribute__' of attributeSetter object at 0x00000276B8EB9C70>, gamma=None, gammaErrorPolicy='raise', lms=UNKNOWN, monitor=<psychopy.monitors.calibTools.Monitor object at 0x00000276BE496DF0>, multiSample=False, name='window1', numSamples=2, pos=(0, 0), screen=0, size=array([1920, 1080]), stencilBits=0, stereo=False, title='PsychoPy', units='height', useFBO=True, useRetina=False, viewOri=0.0, viewPos=None, viewScale=None, waitBlanking=True, winType='pyglet')
3.7488 	EXP 	window1: mouseVisible = True
3.7488 	EXP 	window1: backgroundImage = ''
3.7488 	EXP 	window1: backgroundFit = 'none'
3.7495 	EXP 	window1: Attempting to measure frame rate of screen (0) ...
3.7495 	EXP 	window1: recordFrameIntervals = False
3.9152 	EXP 	window1: recordFrameIntervals = True
4.0987 	EXP 	Screen (0) actual frame rate measured at 59.99Hz
4.0987 	EXP 	window1: recordFrameIntervals = False
4.0987 	EXP 	window1: mouseVisible = False
5.9081 	EXP 	PFE: status = STARTED
5.9102 	EXP 	window1: mouseVisible = True
0.0292 	EXP 	movie: autoLog = True
0.0300 	EXP 	window1: mouseVisible = True
0.0322 	EXP 	Created calibration_1Target = ShapeStim(__class__=<class 'psychopy.visual.shape.ShapeStim'>, anchor=('center', 'center'), autoDraw=False, autoLog=True, closeShape=True, color=method-wrapper(...), colorSpace='rgb', contrast=None, depth=0, draggable=False, fillColor=array([0, 0, 0]), fillColorSpace='rgb', fillRGB=array([0, 0, 0]), interpolate=True, lineColor=array([-1., -1., -1.]), lineColorSpace='rgb', lineRGB=array([-1, -1, -1]), lineWidth=2.0, name='calibration_1Target', opacity=1.0, ori=0.0, pos=array([0., 0.]), size=array([0.02, 0.02]), units='height', vertices=ndarray(...), win=Window(...), windingRule=None)
0.0323 	EXP 	window1: mouseVisible = True
0.0341 	EXP 	Created calibration_1TargetInner = ShapeStim(__class__=<class 'psychopy.visual.shape.ShapeStim'>, anchor=('center', 'center'), autoDraw=False, autoLog=True, closeShape=True, color=method-wrapper(...), colorSpace='rgb', contrast=None, depth=0, draggable=False, fillColor=array([-1.        ,  0.00392157, -1.        ]), fillColorSpace='rgb', fillRGB=array([-1.        ,  0.00392157, -1.        ]), interpolate=True, lineColor=array([-1., -1., -1.]), lineColorSpace='rgb', lineRGB=array([-1, -1, -1]), lineWidth=2.0, name='calibration_1TargetInner', opacity=1.0, ori=0.0, pos=array([0., 0.]), size=array([0.007, 0.007]), units='height', vertices=ndarray(...), win=Window(...), windingRule=None)
4.2396 	EXP 	Imported data.csv as conditions, 8 conditions, 1 params
4.2399 	EXP 	Created sequence: random, trialTypes=8, nReps=2, seed=None
4.2400 	EXP 	New trial (rep=0, index=0): OrderedDict([('videos', 'Video/ball-swept_volume.avi')])
4.3246 	EXP 	eyetracker.clearEvents()
4.3248 	EXP 	eyetracker.setRecordingState(True)
4.4049 	EXP 	movie: autoDraw = True
5.3954 	EXP 	eyetracker.setRecordingState(False)
5.6786 	EXP 	New trial (rep=0, index=1): OrderedDict([('videos', 'Video/spot-elongated-1.avi')])
5.9536 	EXP 	eyetracker.clearEvents()
5.9539 	EXP 	eyetracker.setRecordingState(True)
5.9612 	EXP 	movie: autoDraw = False
5.9612 	EXP 	movie: autoDraw = True
6.9467 	EXP 	eyetracker.setRecordingState(False)
7.3079 	EXP 	New trial (rep=0, index=2): OrderedDict([('videos', 'Video/spot-swept.avi')])
7.5808 	EXP 	eyetracker.clearEvents()
7.5812 	EXP 	eyetracker.setRecordingState(True)
7.5814 	EXP 	PFE: status = STOPPED
7.5821 	DATA 	Keypress: escape
7.5987 	EXP 	movie: autoDraw = False
7.5987 	EXP 	movie: autoDraw = True
7.5987 	EXP 	movie: autoDraw = False
7.5987 	EXP 	PFE: status = STOPPED
7.7018 	EXP 	window1: mouseVisible = True
