4.6452 	EXP 	Created window1 = Window(allowGUI=True, allowStencil=False, autoLog=True, backendConf=UNKNOWN, backgroundFit=<method-wrapper '__getattribute__' of attributeSetter object at 0x00000152F098B0A0>, backgroundImage=<method-wrapper '__getattribute__' of attributeSetter object at 0x00000152F098B040>, bitsMode=UNKNOWN, blendMode='avg', bpc=(8, 8, 8), color=array([0, 0, 0]), colorSpace='rgb', depthBits=8, fullscr=<method-wrapper '__getattribute__' of attributeSetter object at 0x00000152FAED3EE0>, gamma=None, gammaErrorPolicy='raise', lms=UNKNOWN, monitor=<psychopy.monitors.calibTools.Monitor object at 0x00000152FB0E1040>, multiSample=False, name='window1', numSamples=2, pos=(0, 0), screen=0, size=array([1920, 1080]), stencilBits=0, stereo=False, title='PsychoPy', units='height', useFBO=True, useRetina=False, viewOri=0.0, viewPos=None, viewScale=None, waitBlanking=True, winType='pyglet')
4.6453 	EXP 	window1: mouseVisible = True
4.6453 	EXP 	window1: backgroundImage = ''
4.6453 	EXP 	window1: backgroundFit = 'none'
4.6460 	EXP 	window1: Attempting to measure frame rate of screen (0) ...
4.6460 	EXP 	window1: recordFrameIntervals = False
4.8118 	EXP 	window1: recordFrameIntervals = True
4.9952 	EXP 	Screen (0) actual frame rate measured at 59.90Hz
4.9952 	EXP 	window1: recordFrameIntervals = False
4.9954 	EXP 	window1: mouseVisible = False
6.9091 	EXP 	PFE: status = STARTED
6.9110 	EXP 	window1: mouseVisible = True
6.9222 	EXP 	window1: mouseVisible = True
0.0298 	EXP 	movie: autoLog = True
0.0317 	EXP 	Imported data.csv as conditions, 8 conditions, 1 params
0.0319 	EXP 	Created sequence: random, trialTypes=8, nReps=2, seed=None
0.0320 	EXP 	New trial (rep=0, index=0): OrderedDict([('videos', 'Video/ball-swept_volume.avi')])
0.1127 	EXP 	eyetracker.clearEvents()
0.1130 	EXP 	eyetracker.setRecordingState(True)
0.1388 	EXP 	movie: autoDraw = True
1.1230 	EXP 	eyetracker.setRecordingState(False)
1.4676 	EXP 	New trial (rep=0, index=1): OrderedDict([('videos', 'Video/spot-elongated-2.avi')])
1.7398 	EXP 	eyetracker.clearEvents()
1.7401 	EXP 	eyetracker.setRecordingState(True)
1.7422 	EXP 	movie: autoDraw = False
1.7422 	EXP 	movie: autoDraw = True
2.7389 	EXP 	eyetracker.setRecordingState(False)
3.0944 	EXP 	New trial (rep=0, index=2): OrderedDict([('videos', 'Video/spot-original.avi')])
3.3707 	EXP 	eyetracker.clearEvents()
3.3710 	EXP 	eyetracker.setRecordingState(True)
3.3788 	EXP 	movie: autoDraw = False
3.3788 	EXP 	movie: autoDraw = True
4.3741 	EXP 	eyetracker.setRecordingState(False)
4.7261 	EXP 	New trial (rep=0, index=3): OrderedDict([('videos', 'Video/ball-original.avi')])
4.9878 	EXP 	eyetracker.clearEvents()
4.9882 	EXP 	eyetracker.setRecordingState(True)
4.9941 	EXP 	movie: autoDraw = False
4.9941 	EXP 	movie: autoDraw = True
5.9907 	EXP 	eyetracker.setRecordingState(False)
6.3427 	EXP 	New trial (rep=0, index=4): OrderedDict([('videos', 'Video/spot-swept.avi')])
6.6118 	EXP 	eyetracker.clearEvents()
6.6122 	EXP 	eyetracker.setRecordingState(True)
6.6184 	EXP 	movie: autoDraw = False
6.6184 	EXP 	movie: autoDraw = True
7.6084 	EXP 	eyetracker.setRecordingState(False)
7.9664 	EXP 	New trial (rep=0, index=5): OrderedDict([('videos', 'Video/spot-elongated-1.avi')])
8.2378 	EXP 	eyetracker.clearEvents()
8.2380 	EXP 	eyetracker.setRecordingState(True)
8.2451 	EXP 	movie: autoDraw = False
8.2451 	EXP 	movie: autoDraw = True
9.2419 	EXP 	eyetracker.setRecordingState(False)
9.5931 	EXP 	New trial (rep=0, index=6): OrderedDict([('videos', 'Video/ball-elongated-2.avi')])
9.8699 	EXP 	eyetracker.clearEvents()
9.8703 	EXP 	eyetracker.setRecordingState(True)
9.8775 	EXP 	movie: autoDraw = False
9.8775 	EXP 	movie: autoDraw = True
10.8752 	EXP 	eyetracker.setRecordingState(False)
11.2244 	EXP 	New trial (rep=0, index=7): OrderedDict([('videos', 'Video/ball-elongated-1.avi')])
11.4938 	EXP 	eyetracker.clearEvents()
11.4941 	EXP 	eyetracker.setRecordingState(True)
11.5006 	EXP 	movie: autoDraw = False
11.5006 	EXP 	movie: autoDraw = True
12.4918 	EXP 	eyetracker.setRecordingState(False)
12.8490 	EXP 	New trial (rep=1, index=0): OrderedDict([('videos', 'Video/spot-elongated-2.avi')])
13.1118 	EXP 	eyetracker.clearEvents()
13.1120 	EXP 	eyetracker.setRecordingState(True)
13.1330 	EXP 	movie: autoDraw = False
13.1330 	EXP 	movie: autoDraw = True
14.1251 	EXP 	eyetracker.setRecordingState(False)
14.4665 	EXP 	New trial (rep=1, index=1): OrderedDict([('videos', 'Video/spot-original.avi')])
14.7368 	EXP 	eyetracker.clearEvents()
14.7371 	EXP 	eyetracker.setRecordingState(True)
14.7440 	EXP 	movie: autoDraw = False
14.7440 	EXP 	movie: autoDraw = True
15.7416 	EXP 	eyetracker.setRecordingState(False)
16.0914 	EXP 	New trial (rep=1, index=2): OrderedDict([('videos', 'Video/spot-elongated-1.avi')])
16.3568 	EXP 	eyetracker.clearEvents()
16.3571 	EXP 	eyetracker.setRecordingState(True)
16.3628 	EXP 	movie: autoDraw = False
16.3628 	EXP 	movie: autoDraw = True
17.3587 	EXP 	eyetracker.setRecordingState(False)
17.7120 	EXP 	New trial (rep=1, index=3): OrderedDict([('videos', 'Video/ball-elongated-1.avi')])
17.9768 	EXP 	eyetracker.clearEvents()
17.9771 	EXP 	eyetracker.setRecordingState(True)
17.9834 	EXP 	movie: autoDraw = False
17.9834 	EXP 	movie: autoDraw = True
18.9750 	EXP 	eyetracker.setRecordingState(False)
19.3321 	EXP 	New trial (rep=1, index=4): OrderedDict([('videos', 'Video/ball-elongated-2.avi')])
19.5939 	EXP 	eyetracker.clearEvents()
19.5943 	EXP 	eyetracker.setRecordingState(True)
19.6141 	EXP 	movie: autoDraw = False
19.6141 	EXP 	movie: autoDraw = True
20.6087 	EXP 	eyetracker.setRecordingState(False)
20.9490 	EXP 	New trial (rep=1, index=5): OrderedDict([('videos', 'Video/ball-original.avi')])
21.2198 	EXP 	eyetracker.clearEvents()
21.2201 	EXP 	eyetracker.setRecordingState(True)
21.2265 	EXP 	movie: autoDraw = False
21.2265 	EXP 	movie: autoDraw = True
22.2090 	EXP 	eyetracker.setRecordingState(False)
22.5744 	EXP 	New trial (rep=1, index=6): OrderedDict([('videos', 'Video/ball-swept_volume.avi')])
22.8438 	EXP 	eyetracker.clearEvents()
22.8442 	EXP 	eyetracker.setRecordingState(True)
22.8507 	EXP 	movie: autoDraw = False
22.8507 	EXP 	movie: autoDraw = True
23.8412 	EXP 	eyetracker.setRecordingState(False)
24.1990 	EXP 	New trial (rep=1, index=7): OrderedDict([('videos', 'Video/spot-swept.avi')])
24.4597 	EXP 	eyetracker.clearEvents()
24.4600 	EXP 	eyetracker.setRecordingState(True)
24.4663 	EXP 	movie: autoDraw = False
24.4663 	EXP 	movie: autoDraw = True
25.4584 	EXP 	eyetracker.setRecordingState(False)
25.8182 	EXP 	movie: autoDraw = False
25.8182 	EXP 	PFE: status = STOPPED
25.8400 	EXP 	window1: mouseVisible = True
