3.1454 	WARNING 	User requested fullscreen with size [1024  768], but screen is actually [1920, 1080]. Using actual size
3.6918 	EXP 	Created window1 = Window(allowGUI=True, allowStencil=False, autoLog=True, backendConf=UNKNOWN, backgroundFit=<method-wrapper '__getattribute__' of attributeSetter object at 0x000001A5E59B4DF0>, backgroundImage=<method-wrapper '__getattribute__' of attributeSetter object at 0x000001A5E59B4D90>, bitsMode=UNKNOWN, blendMode='avg', bpc=(8, 8, 8), color=array([0, 0, 0]), colorSpace='rgb', depthBits=8, fullscr=<method-wrapper '__getattribute__' of attributeSetter object at 0x000001A5E59B4BB0>, gamma=None, gammaErrorPolicy='raise', lms=UNKNOWN, monitor=<psychopy.monitors.calibTools.Monitor object at 0x000001A5EB071D30>, multiSample=False, name='window1', numSamples=2, pos=(0, 0), screen=0, size=array([1920, 1080]), stencilBits=0, stereo=False, title='PsychoPy', units='height', useFBO=True, useRetina=False, viewOri=0.0, viewPos=None, viewScale=None, waitBlanking=True, winType='pyglet')
3.6918 	EXP 	window1: mouseVisible = True
3.6918 	EXP 	window1: backgroundImage = ''
3.6918 	EXP 	window1: backgroundFit = 'none'
3.6925 	EXP 	window1: Attempting to measure frame rate of screen (0) ...
3.6925 	EXP 	window1: recordFrameIntervals = False
3.8583 	EXP 	window1: recordFrameIntervals = True
4.0415 	EXP 	Screen (0) actual frame rate measured at 60.07Hz
4.0415 	EXP 	window1: recordFrameIntervals = False
4.0416 	EXP 	window1: mouseVisible = False
5.2446 	EXP 	PFE: status = STARTED
5.2462 	EXP 	window1: mouseVisible = True
0.0839 	EXP 	movie: autoLog = True
0.0843 	EXP 	Created sequence: random, trialTypes=1, nReps=5, seed=None
0.0844 	EXP 	New trial (rep=0, index=0): None
0.0962 	EXP 	movie: autoDraw = True
1.1452 	EXP 	New trial (rep=1, index=0): None
1.1961 	EXP 	movie: autoDraw = False
1.1961 	EXP 	movie: autoDraw = True
2.1234 	EXP 	New trial (rep=2, index=0): None
2.1740 	EXP 	movie: autoDraw = False
2.1740 	EXP 	movie: autoDraw = True
3.1439 	EXP 	New trial (rep=3, index=0): None
3.1948 	EXP 	movie: autoDraw = False
3.1948 	EXP 	movie: autoDraw = True
4.1221 	EXP 	New trial (rep=4, index=0): None
4.1746 	EXP 	movie: autoDraw = False
4.1746 	EXP 	movie: autoDraw = True
4.4721 	DATA 	Mouse: Left button down, pos=(1351,628)
4.6182 	DATA 	Mouse:  Left button up, pos=(1351,628)
4.9710 	DATA 	Mouse: Left button down, pos=(1343,630)
5.1411 	DATA 	Mouse:  Left button up, pos=(1343,630)
5.1520 	EXP 	movie: autoDraw = False
5.1520 	EXP 	PFE: status = STOPPED
5.2579 	EXP 	window1: mouseVisible = True
